Determining if the pthread_create exist failed with the following output:
Change Dir: /home/hdl/GraduateDesign/Catkin_workspace_assemble/RotorS_ws/build/CMakeFiles/CMakeTmp

Run Build Command:"/usr/bin/make" "cmTC_4a9da/fast"
/usr/bin/make -f CMakeFiles/cmTC_4a9da.dir/build.make CMakeFiles/cmTC_4a9da.dir/build
make[1]: 进入目录“/home/hdl/GraduateDesign/Catkin_workspace_assemble/RotorS_ws/build/CMakeFiles/CMakeTmp”
Building C object CMakeFiles/cmTC_4a9da.dir/CheckSymbolExists.c.o
/usr/bin/cc    -o CMakeFiles/cmTC_4a9da.dir/CheckSymbolExists.c.o   -c /home/hdl/GraduateDesign/Catkin_workspace_assemble/RotorS_ws/build/CMakeFiles/CMakeTmp/CheckSymbolExists.c
Linking C executable cmTC_4a9da
/usr/bin/cmake -E cmake_link_script CMakeFiles/cmTC_4a9da.dir/link.txt --verbose=1
/usr/bin/cc      -rdynamic CMakeFiles/cmTC_4a9da.dir/CheckSymbolExists.c.o  -o cmTC_4a9da 
CMakeFiles/cmTC_4a9da.dir/CheckSymbolExists.c.o：在函数‘main’中：
CheckSymbolExists.c:(.text+0x1b)：对‘pthread_create’未定义的引用
collect2: error: ld returned 1 exit status
CMakeFiles/cmTC_4a9da.dir/build.make:97: recipe for target 'cmTC_4a9da' failed
make[1]: *** [cmTC_4a9da] Error 1
make[1]: 离开目录“/home/hdl/GraduateDesign/Catkin_workspace_assemble/RotorS_ws/build/CMakeFiles/CMakeTmp”
Makefile:126: recipe for target 'cmTC_4a9da/fast' failed
make: *** [cmTC_4a9da/fast] Error 2

File /home/hdl/GraduateDesign/Catkin_workspace_assemble/RotorS_ws/build/CMakeFiles/CMakeTmp/CheckSymbolExists.c:
/* */
#include <pthread.h>

int main(int argc, char** argv)
{
  (void)argv;
#ifndef pthread_create
  return ((int*)(&pthread_create))[argc];
#else
  (void)argc;
  return 0;
#endif
}

Determining if the function pthread_create exists in the pthreads failed with the following output:
Change Dir: /home/hdl/GraduateDesign/Catkin_workspace_assemble/RotorS_ws/build/CMakeFiles/CMakeTmp

Run Build Command:"/usr/bin/make" "cmTC_c768e/fast"
/usr/bin/make -f CMakeFiles/cmTC_c768e.dir/build.make CMakeFiles/cmTC_c768e.dir/build
make[1]: 进入目录“/home/hdl/GraduateDesign/Catkin_workspace_assemble/RotorS_ws/build/CMakeFiles/CMakeTmp”
Building C object CMakeFiles/cmTC_c768e.dir/CheckFunctionExists.c.o
/usr/bin/cc   -DCHECK_FUNCTION_EXISTS=pthread_create   -o CMakeFiles/cmTC_c768e.dir/CheckFunctionExists.c.o   -c /usr/share/cmake-3.10/Modules/CheckFunctionExists.c
Linking C executable cmTC_c768e
/usr/bin/cmake -E cmake_link_script CMakeFiles/cmTC_c768e.dir/link.txt --verbose=1
/usr/bin/cc  -DCHECK_FUNCTION_EXISTS=pthread_create    -rdynamic CMakeFiles/cmTC_c768e.dir/CheckFunctionExists.c.o  -o cmTC_c768e -lpthreads 
/usr/bin/ld: 找不到 -lpthreads
collect2: error: ld returned 1 exit status
CMakeFiles/cmTC_c768e.dir/build.make:97: recipe for target 'cmTC_c768e' failed
make[1]: *** [cmTC_c768e] Error 1
make[1]: 离开目录“/home/hdl/GraduateDesign/Catkin_workspace_assemble/RotorS_ws/build/CMakeFiles/CMakeTmp”
Makefile:126: recipe for target 'cmTC_c768e/fast' failed
make: *** [cmTC_c768e/fast] Error 2


